envReflection.obj : error LNK2019: 无法解析的外部符号 __imp__glBindTexture@8，该符号在函数 "public: void __thiscall Mesh::draw(class Shader const &)const " (?draw@Mesh@@QBEXABVShader@@@Z) 中被引用
envReflection.obj : error LNK2019: 无法解析的外部符号 __imp__glClear@4，该符号在函数 _main 中被引用
envReflection.obj : error LNK2019: 无法解析的外部符号 __imp__glClearColor@16，该符号在函数 _main 中被引用
envReflection.obj : error LNK2019: 无法解析的外部符号 __imp__glDepthFunc@4，该符号在函数 "public: void __thiscall SkyBox::draw(class Shader const &)const " (?draw@SkyBox@@QBEXABVShader@@@Z) 中被引用
envReflection.obj : error LNK2019: 无法解析的外部符号 __imp__glDrawArrays@12，该符号在函数 "public: void __thiscall SkyBox::draw(class Shader const &)const " (?draw@SkyBox@@QBEXABVShader@@@Z) 中被引用
envReflection.obj : error LNK2019: 无法解析的外部符号 __imp__glDrawElements@16，该符号在函数 "public: void __thiscall Mesh::draw(class Shader const &)const " (?draw@Mesh@@QBEXABVShader@@@Z) 中被引用
envReflection.obj : error LNK2019: 无法解析的外部符号 __imp__glEnable@4，该符号在函数 _main 中被引用
envReflection.obj : error LNK2019: 无法解析的外部符号 __imp__glGenTextures@8，该符号在函数 "public: static unsigned int __cdecl TextureHelper::load2DTexture(char const *,int,unsigned int,unsigned int,int,unsigned char)" (?load2DTexture@TextureHelper@@SAIPBDHIIHE@Z) 中被引用
envReflection.obj : error LNK2019: 无法解析的外部符号 __imp__glGetIntegerv@8，该符号在函数 "public: void __thiscall SkyBox::draw(class Shader const &)const " (?draw@SkyBox@@QBEXABVShader@@@Z) 中被引用
envReflection.obj : error LNK2019: 无法解析的外部符号 __imp__glTexImage2D@36，该符号在函数 "public: static unsigned int __cdecl TextureHelper::load2DTexture(char const *,int,unsigned int,unsigned int,int,unsigned char)" (?load2DTexture@TextureHelper@@SAIPBDHIIHE@Z) 中被引用
envReflection.obj : error LNK2019: 无法解析的外部符号 __imp__glTexParameteri@12，该符号在函数 "public: static unsigned int __cdecl TextureHelper::load2DTexture(char const *,int,unsigned int,unsigned int,int,unsigned char)" (?load2DTexture@TextureHelper@@SAIPBDHIIHE@Z) 中被引用
envReflection.obj : error LNK2019: 无法解析的外部符号 __imp__glViewport@16，该符号在函数 _main 中被引用
envReflection.obj : error LNK2019: 无法解析的外部符号 _glewInit@0，该符号在函数 _main 中被引用
envReflection.obj : error LNK2019: 无法解析的外部符号 _glewGetErrorString@4，该符号在函数 _main 中被引用
envReflection.obj : error LNK2019: 无法解析的外部符号 _glewGetString@4，该符号在函数 _main 中被引用
envReflection.obj : error LNK2019: 无法解析的外部符号 _glfwInit，该符号在函数 _main 中被引用
envReflection.obj : error LNK2019: 无法解析的外部符号 _glfwTerminate，该符号在函数 _main 中被引用
envReflection.obj : error LNK2019: 无法解析的外部符号 _glfwWindowHint，该符号在函数 _main 中被引用
envReflection.obj : error LNK2019: 无法解析的外部符号 _glfwCreateWindow，该符号在函数 _main 中被引用
envReflection.obj : error LNK2019: 无法解析的外部符号 _glfwWindowShouldClose，该符号在函数 _main 中被引用
envReflection.obj : error LNK2019: 无法解析的外部符号 _glfwSetWindowShouldClose，该符号在函数 "void __cdecl key_callback(struct GLFWwindow *,int,int,int,int)" (?key_callback@@YAXPAUGLFWwindow@@HHHH@Z) 中被引用
envReflection.obj : error LNK2019: 无法解析的外部符号 _glfwPollEvents，该符号在函数 _main 中被引用
envReflection.obj : error LNK2019: 无法解析的外部符号 _glfwSetInputMode，该符号在函数 _main 中被引用
envReflection.obj : error LNK2019: 无法解析的外部符号 _glfwSetKeyCallback，该符号在函数 _main 中被引用
envReflection.obj : error LNK2019: 无法解析的外部符号 _glfwSetCursorPosCallback，该符号在函数 _main 中被引用
envReflection.obj : error LNK2019: 无法解析的外部符号 _glfwSetScrollCallback，该符号在函数 _main 中被引用
envReflection.obj : error LNK2019: 无法解析的外部符号 _glfwGetTime，该符号在函数 _main 中被引用
envReflection.obj : error LNK2019: 无法解析的外部符号 _glfwMakeContextCurrent，该符号在函数 _main 中被引用
envReflection.obj : error LNK2019: 无法解析的外部符号 _glfwSwapBuffers，该符号在函数 _main 中被引用
envReflection.obj : error LNK2019: 无法解析的外部符号 _SOIL_load_image，该符号在函数 "public: static unsigned int __cdecl TextureHelper::load2DTexture(char const *,int,unsigned int,unsigned int,int,unsigned char)" (?load2DTexture@TextureHelper@@SAIPBDHIIHE@Z) 中被引用
envReflection.obj : error LNK2019: 无法解析的外部符号 _SOIL_free_image_data，该符号在函数 "public: static unsigned int __cdecl TextureHelper::load2DTexture(char const *,int,unsigned int,unsigned int,int,unsigned char)" (?load2DTexture@TextureHelper@@SAIPBDHIIHE@Z) 中被引用
envReflection.obj : error LNK2019: 无法解析的外部符号 "public: __thiscall Assimp::Importer::Importer(void)" (??0Importer@Assimp@@QAE@XZ)，该符号在函数 "public: bool __thiscall Model::loadModel(class std::basic_string<char,struct std::char_traits<char>,class std::allocator<char> > const &)" (?loadModel@Model@@QAE_NABV?$basic_string@DU?$char_traits@D@std@@V?$allocator@D@2@@std@@@Z) 中被引用
envReflection.obj : error LNK2019: 无法解析的外部符号 "public: __thiscall Assimp::Importer::~Importer(void)" (??1Importer@Assimp@@QAE@XZ)，该符号在函数 "public: bool __thiscall Model::loadModel(class std::basic_string<char,struct std::char_traits<char>,class std::allocator<char> > const &)" (?loadModel@Model@@QAE_NABV?$basic_string@DU?$char_traits@D@std@@V?$allocator@D@2@@std@@@Z) 中被引用
envReflection.obj : error LNK2019: 无法解析的外部符号 "public: struct aiScene const * __thiscall Assimp::Importer::ReadFile(char const *,unsigned int)" (?ReadFile@Importer@Assimp@@QAEPBUaiScene@@PBDI@Z)，该符号在函数 "public: struct aiScene const * __thiscall Assimp::Importer::ReadFile(class std::basic_string<char,struct std::char_traits<char>,class std::allocator<char> > const &,unsigned int)" (?ReadFile@Importer@Assimp@@QAEPBUaiScene@@ABV?$basic_string@DU?$char_traits@D@std@@V?$allocator@D@2@@std@@I@Z) 中被引用
envReflection.obj : error LNK2019: 无法解析的外部符号 "public: char const * __thiscall Assimp::Importer::GetErrorString(void)const " (?GetErrorString@Importer@Assimp@@QBEPBDXZ)，该符号在函数 "public: bool __thiscall Model::loadModel(class std::basic_string<char,struct std::char_traits<char>,class std::allocator<char> > const &)" (?loadModel@Model@@QAE_NABV?$basic_string@DU?$char_traits@D@std@@V?$allocator@D@2@@std@@@Z) 中被引用
envReflection.obj : error LNK2019: 无法解析的外部符号 _aiGetMaterialTextureCount，该符号在函数 "public: unsigned int __thiscall aiMaterial::GetTextureCount(enum aiTextureType)const " (?GetTextureCount@aiMaterial@@QBEIW4aiTextureType@@@Z) 中被引用
envReflection.obj : error LNK2019: 无法解析的外部符号 _aiGetMaterialTexture，该符号在函数 "public: enum aiReturn __thiscall aiMaterial::GetTexture(enum aiTextureType,unsigned int,struct aiString *,enum aiTextureMapping *,unsigned int *,float *,enum aiTextureOp *,enum aiTextureMapMode *)const " (?GetTexture@aiMaterial@@QBE?AW4aiReturn@@W4aiTextureType@@IPAUaiString@@PAW4aiTextureMapping@@PAIPAMPAW4aiTextureOp@@PAW4aiTextureMapMode@@@Z) 中被引用
envReflection.obj : error LNK2001: 无法解析的外部符号 ___glewActiveTexture
envReflection.obj : error LNK2001: 无法解析的外部符号 ___glewBindBuffer
envReflection.obj : error LNK2001: 无法解析的外部符号 ___glewBufferData
envReflection.obj : error LNK2001: 无法解析的外部符号 ___glewDeleteBuffers
envReflection.obj : error LNK2001: 无法解析的外部符号 ___glewGenBuffers
envReflection.obj : error LNK2001: 无法解析的外部符号 ___glewAttachShader
envReflection.obj : error LNK2001: 无法解析的外部符号 ___glewCompileShader
envReflection.obj : error LNK2001: 无法解析的外部符号 ___glewCreateProgram
envReflection.obj : error LNK2001: 无法解析的外部符号 ___glewCreateShader
envReflection.obj : error LNK2001: 无法解析的外部符号 ___glewDeleteProgram
envReflection.obj : error LNK2001: 无法解析的外部符号 ___glewDeleteShader
envReflection.obj : error LNK2001: 无法解析的外部符号 ___glewDetachShader
envReflection.obj : error LNK2001: 无法解析的外部符号 ___glewEnableVertexAttribArray
envReflection.obj : error LNK2001: 无法解析的外部符号 ___glewGetProgramInfoLog
envReflection.obj : error LNK2001: 无法解析的外部符号 ___glewGetProgramiv
envReflection.obj : error LNK2001: 无法解析的外部符号 ___glewGetShaderInfoLog
envReflection.obj : error LNK2001: 无法解析的外部符号 ___glewGetShaderiv
envReflection.obj : error LNK2001: 无法解析的外部符号 ___glewGetUniformLocation
envReflection.obj : error LNK2001: 无法解析的外部符号 ___glewLinkProgram
envReflection.obj : error LNK2001: 无法解析的外部符号 ___glewShaderSource
envReflection.obj : error LNK2001: 无法解析的外部符号 ___glewUniform1i
envReflection.obj : error LNK2001: 无法解析的外部符号 ___glewUniform3f
envReflection.obj : error LNK2001: 无法解析的外部符号 ___glewUniformMatrix4fv
envReflection.obj : error LNK2001: 无法解析的外部符号 ___glewUseProgram
envReflection.obj : error LNK2001: 无法解析的外部符号 ___glewVertexAttribPointer
envReflection.obj : error LNK2001: 无法解析的外部符号 ___glewGenerateMipmap
envReflection.obj : error LNK2001: 无法解析的外部符号 ___glewBindVertexArray
envReflection.obj : error LNK2001: 无法解析的外部符号 ___glewDeleteVertexArrays
envReflection.obj : error LNK2001: 无法解析的外部符号 ___glewGenVertexArrays
envReflection.obj : error LNK2001: 无法解析的外部符号 _glewExperimental
c:\users\sxb15\documents\visual studio 2015\Projects\reflection\Debug\reflection.exe : fatal error LNK1120: 67 个无法解析的外部命令
