  main.cpp
main.cpp(169): warning C4244: “=”: 从“double”转换到“GLfloat”，可能丢失数据
main.cpp(170): warning C4244: “=”: 从“double”转换到“GLfloat”，可能丢失数据
main.cpp(174): warning C4244: “初始化”: 从“double”转换到“GLfloat”，可能丢失数据
main.cpp(175): warning C4244: “初始化”: 从“double”转换到“GLfloat”，可能丢失数据
main.cpp(177): warning C4244: “=”: 从“double”转换到“GLfloat”，可能丢失数据
main.cpp(178): warning C4244: “=”: 从“double”转换到“GLfloat”，可能丢失数据
main.cpp(185): warning C4244: “参数”: 从“double”转换到“GLfloat”，可能丢失数据
SOIL.lib(SOIL.obj) : warning LNK4075: 忽略“/EDITANDCONTINUE”(由于“/OPT:ICF”规范)
LINK : warning LNK4098: 默认库“LIBCMT”与其他库的使用冲突；请使用 /NODEFAULTLIB:library
LINK : warning LNK4098: 默认库“MSVCRTD”与其他库的使用冲突；请使用 /NODEFAULTLIB:library
  正在生成代码
  3 of 1170 functions ( 0.3%) were compiled, the rest were copied from previous compilation.
    0 functions were new in current compilation
    7 functions had inline decision re-evaluated but remain unchanged
  已完成代码的生成
glew32s.lib(glew.obj) : warning LNK4099: 未找到 PDB“vc120.pdb”(使用“glew32s.lib(glew.obj)”或在“C:\Users\sxb15\documents\visual studio 2015\Projects\reflection\Release\vc120.pdb”中寻找)；正在链接对象，如同没有调试信息一样
SOIL.lib(image_DXT.obj) : warning LNK4099: 未找到 PDB“vc110.pdb”(使用“SOIL.lib(image_DXT.obj)”或在“C:\Users\sxb15\documents\visual studio 2015\Projects\reflection\Release\vc110.pdb”中寻找)；正在链接对象，如同没有调试信息一样
SOIL.lib(image_helper.obj) : warning LNK4099: 未找到 PDB“vc110.pdb”(使用“SOIL.lib(image_helper.obj)”或在“C:\Users\sxb15\documents\visual studio 2015\Projects\reflection\Release\vc110.pdb”中寻找)；正在链接对象，如同没有调试信息一样
SOIL.lib(SOIL.obj) : warning LNK4099: 未找到 PDB“vc110.pdb”(使用“SOIL.lib(SOIL.obj)”或在“C:\Users\sxb15\documents\visual studio 2015\Projects\reflection\Release\vc110.pdb”中寻找)；正在链接对象，如同没有调试信息一样
SOIL.lib(stb_image_aug.obj) : warning LNK4099: 未找到 PDB“vc110.pdb”(使用“SOIL.lib(stb_image_aug.obj)”或在“C:\Users\sxb15\documents\visual studio 2015\Projects\reflection\Release\vc110.pdb”中寻找)；正在链接对象，如同没有调试信息一样
  reflection.vcxproj -> C:\Users\sxb15\documents\visual studio 2015\Projects\reflection\Release\reflection.exe
  reflection.vcxproj -> C:\Users\sxb15\documents\visual studio 2015\Projects\reflection\Release\reflection.pdb (Full PDB)
